{
  "RSpec": {
    "coverage": {
      "/Users/baileykursar/Projects/oystercard/spec/journey_log_spec.rb": [
        1,
        1,
        null,
        null,
        null,
        1,
        2,
        null,
        1,
        1,
        1,
        null,
        null,
        null,
        1,
        1,
        1,
        1,
        null,
        null,
        1,
        1,
        1,
        null,
        null,
        null
      ],
      "/Users/baileykursar/Projects/oystercard/lib/journey_log.rb": [
        null,
        null,
        1,
        1,
        1,
        11,
        11,
        null,
        null,
        1,
        4,
        null,
        null
      ],
      "/Users/baileykursar/Projects/oystercard/lib/journey.rb": [
        1,
        null,
        null,
        1,
        1,
        1,
        1,
        null,
        1,
        8,
        null,
        null,
        null,
        1,
        6,
        6,
        6,
        null,
        null,
        1,
        4,
        4,
        4,
        null,
        null,
        1,
        2,
        1,
        null,
        null,
        1,
        11,
        null,
        null
      ],
      "/Users/baileykursar/Projects/oystercard/lib/station.rb": [
        null,
        null,
        1,
        1,
        null,
        1,
        2,
        2,
        null,
        null
      ],
      "/Users/baileykursar/Projects/oystercard/spec/journey_spec.rb": [
        1,
        null,
        1,
        4,
        3,
        null,
        1,
        1,
        1,
        null,
        null,
        1,
        1,
        1,
        1,
        null,
        null,
        1,
        1,
        1,
        1,
        null,
        null
      ],
      "/Users/baileykursar/Projects/oystercard/spec/oystercard_spec.rb": [
        1,
        null,
        1,
        1,
        1,
        null,
        6,
        null,
        1,
        1,
        1,
        null,
        null,
        null,
        1,
        1,
        4,
        null,
        null,
        1,
        1,
        1,
        2,
        null,
        null,
        null,
        1,
        1,
        1,
        2,
        null,
        null,
        1,
        1,
        1,
        1,
        null,
        null,
        null,
        1,
        1,
        3,
        null,
        null,
        1,
        1,
        1,
        null,
        null,
        1,
        1,
        4,
        null,
        null,
        1,
        4,
        null,
        null,
        null
      ],
      "/Users/baileykursar/Projects/oystercard/lib/oystercard.rb": [
        1,
        1,
        1,
        null,
        null,
        null,
        1,
        1,
        1,
        1,
        null,
        null,
        null,
        1,
        8,
        8,
        null,
        null,
        1,
        7,
        7,
        6,
        null,
        null,
        1,
        4,
        4,
        3,
        null,
        null,
        1,
        2,
        2,
        2,
        2,
        null,
        null,
        1,
        4,
        null,
        null,
        1,
        null,
        1,
        2,
        null,
        null
      ],
      "/Users/baileykursar/Projects/oystercard/spec/station_spec.rb": [
        1,
        null,
        1,
        1,
        1,
        1,
        1,
        null,
        null,
        1,
        1,
        1,
        null,
        null,
        null
      ]
    },
    "timestamp": 1492788561
  }
}
