{
  "RSpec": {
    "coverage": {
      "/Users/baileykursar/Projects/oystercard/spec/oystercard_spec.rb": [
        1,
        null,
        1,
        1,
        1,
        1,
        9,
        1,
        1,
        1,
        null,
        null,
        null,
        1,
        2,
        1,
        4,
        null,
        null,
        1,
        1,
        1,
        2,
        null,
        null,
        null,
        1,
        1,
        1,
        null,
        null,
        null,
        1,
        1,
        1,
        1,
        1,
        null,
        null,
        1,
        1,
        2,
        null,
        null,
        1,
        1,
        1,
        1,
        null,
        null,
        1,
        1,
        1,
        1,
        null,
        null,
        null,
        1,
        1,
        4,
        4,
        null,
        null,
        1,
        1,
        1,
        null,
        null,
        1,
        4,
        null,
        null,
        1,
        4,
        null,
        null,
        null,
        null,
        null,
        null,
        null,
        1,
        1,
        1,
        1,
        null,
        null,
        null,
        1,
        1,
        1,
        null,
        null,
        null
      ],
      "/Users/baileykursar/Projects/oystercard/lib/oystercard.rb": [
        null,
        1,
        1,
        1,
        1,
        1,
        null,
        1,
        14,
        14,
        null,
        null,
        1,
        10,
        10,
        9,
        null,
        null,
        1,
        3,
        null,
        null,
        1,
        8,
        8,
        7,
        7,
        null,
        null,
        1,
        4,
        4,
        4,
        null,
        null,
        1,
        null,
        1,
        4,
        null,
        null
      ]
    },
    "timestamp": 1492610960
  }
}
